<?xml version="1.0" encoding="UTF-8"?>
<!-- Generated by org.testng.reporters.JUnitReportReporter -->
<testsuite hostname="LAPTOP-HBHDTL7L" failures="0" tests="1" name="Demo.Demo.TestDemo" time="6.703" errors="0" timestamp="2025-07-08T16:24:10 IST" skipped="0">
  <testcase classname="Demo.Demo.TestDemo" name="demo" time="6.703"/>
</testsuite> <!-- Demo.Demo.TestDemo -->
