<?xml version="1.0" encoding="UTF-8"?>
<!-- Generated by org.testng.reporters.JUnitReportReporter -->
<testsuite hostname="LAPTOP-HBHDTL7L" failures="0" tests="1" name="Demo.Demo.TestDemo" time="4.873" errors="0" timestamp="2025-07-08T12:27:10 IST" skipped="0">
  <testcase classname="Demo.Demo.TestDemo" name="demo" time="4.873"/>
</testsuite> <!-- Demo.Demo.TestDemo -->
